<?xml version="1.0" encoding="UTF-8"?>
<testng-results ignored="0" total="4" passed="2" failed="2" skipped="0">
  <reporter-output>
  </reporter-output>
  <suite started-at="2024-05-01T17:14:48 IST" name="Suite" finished-at="2024-05-01T17:15:14 IST" duration-ms="25831">
    <groups>
      <group name="Error Handlings">
        <method signature="ErrorScenarios.validateloginerror()[pri:0, instance:rahulshettyacademy.test.ErrorScenarios@4007f65e]" name="validateloginerror" class="rahulshettyacademy.test.ErrorScenarios"/>
      </group> <!-- Error Handlings -->
      <group name="Purchase Order">
        <method signature="StandAloneTest.totalsubmission(java.util.HashMap)[pri:0, instance:rahulshettyacademy.test.StandAloneTest@1500b2f3]" name="totalsubmission" class="rahulshettyacademy.test.StandAloneTest"/>
      </group> <!-- Purchase Order -->
    </groups>
    <test started-at="2024-05-01T17:14:48 IST" name="Error validations Test" finished-at="2024-05-01T17:14:58 IST" duration-ms="9797">
      <class name="rahulshettyacademy.test.ErrorScenarios">
        <test-method is-config="true" signature="baselogindetails()[pri:0, instance:rahulshettyacademy.test.ErrorScenarios@4007f65e]" started-at="2024-05-01T17:14:49 IST" name="baselogindetails" finished-at="2024-05-01T17:14:57 IST" duration-ms="8719" status="PASS">
          <reporter-output>
          </reporter-output>
        </test-method> <!-- baselogindetails -->
        <test-method signature="validateloginerror()[pri:0, instance:rahulshettyacademy.test.ErrorScenarios@4007f65e]" started-at="2024-05-01T17:14:57 IST" name="validateloginerror" finished-at="2024-05-01T17:14:58 IST" duration-ms="738" status="FAIL">
          <exception class="java.lang.AssertionError">
            <message>
              <![CDATA[expected [Incorrect email or password.] but found [Incorrect email password.]]]>
            </message>
            <full-stacktrace>
              <![CDATA[java.lang.AssertionError: expected [Incorrect email or password.] but found [Incorrect email password.]
at org.testng.Assert.fail(Assert.java:111)
at org.testng.Assert.failNotEquals(Assert.java:1578)
at org.testng.Assert.assertEqualsImpl(Assert.java:150)
at org.testng.Assert.assertEquals(Assert.java:132)
at org.testng.Assert.assertEquals(Assert.java:656)
at org.testng.Assert.assertEquals(Assert.java:666)
at rahulshettyacademy.test.ErrorScenarios.validateloginerror(ErrorScenarios.java:14)
at java.base/jdk.internal.reflect.NativeMethodAccessorImpl.invoke0(Native Method)
at java.base/jdk.internal.reflect.NativeMethodAccessorImpl.invoke(NativeMethodAccessorImpl.java:77)
at java.base/jdk.internal.reflect.DelegatingMethodAccessorImpl.invoke(DelegatingMethodAccessorImpl.java:43)
at java.base/java.lang.reflect.Method.invoke(Method.java:568)
at org.testng.internal.invokers.MethodInvocationHelper.invokeMethod(MethodInvocationHelper.java:141)
at org.testng.internal.invokers.TestInvoker.invokeMethod(TestInvoker.java:686)
at org.testng.internal.invokers.TestInvoker.invokeTestMethod(TestInvoker.java:230)
at org.testng.internal.invokers.MethodRunner.runInSequence(MethodRunner.java:63)
at org.testng.internal.invokers.TestInvoker$MethodInvocationAgent.invoke(TestInvoker.java:992)
at org.testng.internal.invokers.TestInvoker.invokeTestMethods(TestInvoker.java:203)
at org.testng.internal.invokers.TestMethodWorker.invokeTestMethods(TestMethodWorker.java:154)
at org.testng.internal.invokers.TestMethodWorker.run(TestMethodWorker.java:134)
at java.base/java.util.ArrayList.forEach(ArrayList.java:1511)
at org.testng.TestRunner.privateRun(TestRunner.java:739)
at org.testng.TestRunner.run(TestRunner.java:614)
at org.testng.SuiteRunner.runTest(SuiteRunner.java:421)
at org.testng.SuiteRunner$SuiteWorker.run(SuiteRunner.java:463)
at org.testng.internal.thread.ThreadUtil.lambda$execute$0(ThreadUtil.java:64)
at java.base/java.util.concurrent.FutureTask.run(FutureTask.java:264)
at java.base/java.util.concurrent.ThreadPoolExecutor.runWorker(ThreadPoolExecutor.java:1136)
at java.base/java.util.concurrent.ThreadPoolExecutor$Worker.run(ThreadPoolExecutor.java:635)
at java.base/java.lang.Thread.run(Thread.java:833)
]]>
            </full-stacktrace>
          </exception> <!-- java.lang.AssertionError -->
          <reporter-output>
          </reporter-output>
        </test-method> <!-- validateloginerror -->
        <test-method is-config="true" signature="browserclosing()[pri:0, instance:rahulshettyacademy.test.ErrorScenarios@4007f65e]" started-at="2024-05-01T17:14:58 IST" name="browserclosing" finished-at="2024-05-01T17:14:58 IST" duration-ms="104" status="PASS">
          <reporter-output>
          </reporter-output>
        </test-method> <!-- browserclosing -->
      </class> <!-- rahulshettyacademy.test.ErrorScenarios -->
    </test> <!-- Error validations Test -->
    <test started-at="2024-05-01T17:14:48 IST" name="Submit rder test" finished-at="2024-05-01T17:15:14 IST" duration-ms="25831">
      <class name="rahulshettyacademy.test.StandAloneTest">
        <test-method is-config="true" signature="baselogindetails()[pri:0, instance:rahulshettyacademy.test.StandAloneTest@1500b2f3]" started-at="2024-05-01T17:14:49 IST" name="baselogindetails" finished-at="2024-05-01T17:14:54 IST" duration-ms="4657" status="PASS">
          <reporter-output>
          </reporter-output>
        </test-method> <!-- baselogindetails -->
        <test-method signature="totalsubmission(java.util.HashMap)[pri:0, instance:rahulshettyacademy.test.StandAloneTest@1500b2f3]" started-at="2024-05-01T17:14:54 IST" name="totalsubmission" data-provider="getData" finished-at="2024-05-01T17:15:00 IST" duration-ms="6478" status="PASS">
          <params>
            <param index="0">
              <value>
                <![CDATA[{emailID=helloveena@gmail.com, userpassword=Veena123, products=ZARA COAT 3}]]>
              </value>
            </param>
          </params>
          <reporter-output>
          </reporter-output>
        </test-method> <!-- totalsubmission -->
        <test-method is-config="true" signature="baselogindetails()[pri:0, instance:rahulshettyacademy.test.StandAloneTest@1500b2f3]" started-at="2024-05-01T17:15:00 IST" name="baselogindetails" finished-at="2024-05-01T17:15:05 IST" duration-ms="4848" status="PASS">
          <reporter-output>
          </reporter-output>
        </test-method> <!-- baselogindetails -->
        <test-method signature="totalsubmission(java.util.HashMap)[pri:0, instance:rahulshettyacademy.test.StandAloneTest@1500b2f3]" started-at="2024-05-01T17:15:05 IST" name="totalsubmission" data-provider="getData" finished-at="2024-05-01T17:15:10 IST" duration-ms="4676" status="PASS">
          <params>
            <param index="0">
              <value>
                <![CDATA[{emailID=prashantchinc123@gmail.com, userpassword=Veena123, products=ZARA COAT 3}]]>
              </value>
            </param>
          </params>
          <reporter-output>
          </reporter-output>
        </test-method> <!-- totalsubmission -->
        <test-method is-config="true" signature="baselogindetails()[pri:0, instance:rahulshettyacademy.test.StandAloneTest@1500b2f3]" started-at="2024-05-01T17:15:10 IST" name="baselogindetails" finished-at="2024-05-01T17:15:13 IST" duration-ms="3158" status="PASS">
          <reporter-output>
          </reporter-output>
        </test-method> <!-- baselogindetails -->
        <test-method signature="ordersPage()[pri:0, instance:rahulshettyacademy.test.StandAloneTest@1500b2f3]" started-at="2024-05-01T17:15:13 IST" name="ordersPage" finished-at="2024-05-01T17:15:14 IST" depends-on-methods="rahulshettyacademy.test.StandAloneTest.totalsubmission" duration-ms="851" status="FAIL">
          <exception class="org.openqa.selenium.JavascriptException">
            <message>
              <![CDATA[javascript error: {"status":32,"value":"An invalid or illegal selector was specified"}
  (Session info: chrome=124.0.6367.63)
Build info: version: '4.18.1', revision: 'b1d3319b48'
System info: os.name: 'Windows 10', os.arch: 'amd64', os.version: '10.0', java.version: '17.0.7'
Driver info: org.openqa.selenium.chrome.ChromeDriver
Command: [6c4b0a85672f5dbd5e31c0eee73f7f7c, findElements {value=//tr/td[2], using=css selector}]
Capabilities {acceptInsecureCerts: false, browserName: chrome, browserVersion: 124.0.6367.63, chrome: {chromedriverVersion: 124.0.6367.91 (51df0e5e17a8..., userDataDir: C:\Windows\SystemTemp\scope...}, fedcm:accounts: true, goog:chromeOptions: {debuggerAddress: localhost:54455}, networkConnectionEnabled: false, pageLoadStrategy: normal, platformName: windows, proxy: Proxy(), se:cdp: ws://localhost:54455/devtoo..., se:cdpVersion: 124.0.6367.63, setWindowRect: true, strictFileInteractability: false, timeouts: {implicit: 0, pageLoad: 300000, script: 30000}, unhandledPromptBehavior: dismiss and notify, webauthn:extension:credBlob: true, webauthn:extension:largeBlob: true, webauthn:extension:minPinLength: true, webauthn:extension:prf: true, webauthn:virtualAuthenticators: true}
Session ID: 6c4b0a85672f5dbd5e31c0eee73f7f7c]]>
            </message>
            <full-stacktrace>
              <![CDATA[org.openqa.selenium.JavascriptException: javascript error: {"status":32,"value":"An invalid or illegal selector was specified"}
  (Session info: chrome=124.0.6367.63)
Build info: version: '4.18.1', revision: 'b1d3319b48'
System info: os.name: 'Windows 10', os.arch: 'amd64', os.version: '10.0', java.version: '17.0.7'
Driver info: org.openqa.selenium.chrome.ChromeDriver
Command: [6c4b0a85672f5dbd5e31c0eee73f7f7c, findElements {value=//tr/td[2], using=css selector}]
Capabilities {acceptInsecureCerts: false, browserName: chrome, browserVersion: 124.0.6367.63, chrome: {chromedriverVersion: 124.0.6367.91 (51df0e5e17a8..., userDataDir: C:\Windows\SystemTemp\scope...}, fedcm:accounts: true, goog:chromeOptions: {debuggerAddress: localhost:54455}, networkConnectionEnabled: false, pageLoadStrategy: normal, platformName: windows, proxy: Proxy(), se:cdp: ws://localhost:54455/devtoo..., se:cdpVersion: 124.0.6367.63, setWindowRect: true, strictFileInteractability: false, timeouts: {implicit: 0, pageLoad: 300000, script: 30000}, unhandledPromptBehavior: dismiss and notify, webauthn:extension:credBlob: true, webauthn:extension:largeBlob: true, webauthn:extension:minPinLength: true, webauthn:extension:prf: true, webauthn:virtualAuthenticators: true}
Session ID: 6c4b0a85672f5dbd5e31c0eee73f7f7c
at java.base/jdk.internal.reflect.NativeConstructorAccessorImpl.newInstance0(Native Method)
at java.base/jdk.internal.reflect.NativeConstructorAccessorImpl.newInstance(NativeConstructorAccessorImpl.java:77)
at java.base/jdk.internal.reflect.DelegatingConstructorAccessorImpl.newInstance(DelegatingConstructorAccessorImpl.java:45)
at java.base/java.lang.reflect.Constructor.newInstanceWithCaller(Constructor.java:499)
at java.base/java.lang.reflect.Constructor.newInstance(Constructor.java:480)
at org.openqa.selenium.remote.ErrorCodec.decode(ErrorCodec.java:167)
at org.openqa.selenium.remote.codec.w3c.W3CHttpResponseCodec.decode(W3CHttpResponseCodec.java:138)
at org.openqa.selenium.remote.codec.w3c.W3CHttpResponseCodec.decode(W3CHttpResponseCodec.java:50)
at org.openqa.selenium.remote.HttpCommandExecutor.execute(HttpCommandExecutor.java:190)
at org.openqa.selenium.remote.service.DriverCommandExecutor.invokeExecute(DriverCommandExecutor.java:216)
at org.openqa.selenium.remote.service.DriverCommandExecutor.execute(DriverCommandExecutor.java:174)
at org.openqa.selenium.remote.RemoteWebDriver.execute(RemoteWebDriver.java:519)
at org.openqa.selenium.remote.ElementLocation$ElementFinder$2.findElements(ElementLocation.java:182)
at org.openqa.selenium.remote.ElementLocation.findElements(ElementLocation.java:103)
at org.openqa.selenium.remote.RemoteWebDriver.findElements(RemoteWebDriver.java:369)
at org.openqa.selenium.remote.RemoteWebDriver.findElements(RemoteWebDriver.java:363)
at org.openqa.selenium.support.pagefactory.DefaultElementLocator.findElements(DefaultElementLocator.java:83)
at org.openqa.selenium.support.pagefactory.internal.LocatingElementListHandler.invoke(LocatingElementListHandler.java:36)
at jdk.proxy2/jdk.proxy2.$Proxy14.stream(Unknown Source)
at rahulshettyacademy.pageobjects.OrdersPage.listOfProducts(OrdersPage.java:27)
at rahulshettyacademy.test.StandAloneTest.ordersPage(StandAloneTest.java:80)
at java.base/jdk.internal.reflect.NativeMethodAccessorImpl.invoke0(Native Method)
at java.base/jdk.internal.reflect.NativeMethodAccessorImpl.invoke(NativeMethodAccessorImpl.java:77)
at java.base/jdk.internal.reflect.DelegatingMethodAccessorImpl.invoke(DelegatingMethodAccessorImpl.java:43)
at java.base/java.lang.reflect.Method.invoke(Method.java:568)
at org.testng.internal.invokers.MethodInvocationHelper.invokeMethod(MethodInvocationHelper.java:141)
at org.testng.internal.invokers.TestInvoker.invokeMethod(TestInvoker.java:686)
at org.testng.internal.invokers.TestInvoker.invokeTestMethod(TestInvoker.java:230)
at org.testng.internal.invokers.MethodRunner.runInSequence(MethodRunner.java:63)
at org.testng.internal.invokers.TestInvoker$MethodInvocationAgent.invoke(TestInvoker.java:992)
at org.testng.internal.invokers.TestInvoker.invokeTestMethods(TestInvoker.java:203)
at org.testng.internal.invokers.TestMethodWorker.invokeTestMethods(TestMethodWorker.java:154)
at org.testng.internal.invokers.TestMethodWorker.run(TestMethodWorker.java:134)
at java.base/java.util.ArrayList.forEach(ArrayList.java:1511)
at org.testng.TestRunner.privateRun(TestRunner.java:739)
at org.testng.TestRunner.run(TestRunner.java:614)
at org.testng.SuiteRunner.runTest(SuiteRunner.java:421)
at org.testng.SuiteRunner$SuiteWorker.run(SuiteRunner.java:463)
at org.testng.internal.thread.ThreadUtil.lambda$execute$0(ThreadUtil.java:64)
at java.base/java.util.concurrent.FutureTask.run(FutureTask.java:264)
at java.base/java.util.concurrent.ThreadPoolExecutor.runWorker(ThreadPoolExecutor.java:1136)
at java.base/java.util.concurrent.ThreadPoolExecutor$Worker.run(ThreadPoolExecutor.java:635)
at java.base/java.lang.Thread.run(Thread.java:833)
]]>
            </full-stacktrace>
          </exception> <!-- org.openqa.selenium.JavascriptException -->
          <reporter-output>
          </reporter-output>
        </test-method> <!-- ordersPage -->
        <test-method is-config="true" signature="browserclosing()[pri:0, instance:rahulshettyacademy.test.StandAloneTest@1500b2f3]" started-at="2024-05-01T17:15:14 IST" name="browserclosing" finished-at="2024-05-01T17:15:14 IST" duration-ms="109" status="PASS">
          <reporter-output>
          </reporter-output>
        </test-method> <!-- browserclosing -->
      </class> <!-- rahulshettyacademy.test.StandAloneTest -->
    </test> <!-- Submit rder test -->
  </suite> <!-- Suite -->
</testng-results>
