<?xml version="1.0" encoding="UTF-8"?>
<!-- Generated by org.testng.reporters.JUnitReportReporter -->
<testsuite hostname="Appi" failures="1" tests="2" name="cucumber.TestNGTestRunner" time="12.792" errors="0" timestamp="2024-05-16T18:29:16 IST" skipped="0">
  <testcase classname="cucumber.TestNGTestRunner" name="runScenario" time="4.418">
    <failure message="expected [Incorrect email or password.] but found [Incorrect email password.]" type="java.lang.AssertionError">
      <![CDATA[java.lang.AssertionError: expected [Incorrect email or password.] but found [Incorrect email password.]
at org.testng.Assert.fail(Assert.java:99)
at org.testng.Assert.failNotEquals(Assert.java:1037)
at org.testng.Assert.assertEqualsImpl(Assert.java:140)
at org.testng.Assert.assertEquals(Assert.java:122)
at org.testng.Assert.assertEquals(Assert.java:629)
at org.testng.Assert.assertEquals(Assert.java:639)
at rahulshettyacademy.stepDefinations.StepDefinationImpl.message_is_displayed(StepDefinationImpl.java:68)
at âœ½."Incorrect email password." message is displayed(file:///C:/Users/LENOVO/eclipse-workspace/FrameWorkDesign-Selenium/src/test/java/cucumber/ErrorValidations.feature:10)
]]>
    </failure>
  </testcase> <!-- runScenario -->
  <system-out/>
  <testcase classname="cucumber.TestNGTestRunner" name="runScenario" time="8.374"/>
  <system-out/>
</testsuite> <!-- cucumber.TestNGTestRunner -->
